#
# There is insufficient memory for the Java Runtime Environment to continue.
# Native memory allocation (malloc) failed to allocate 1143216 bytes for Chunk::new
# Possible reasons:
#   The system is out of physical RAM or swap space
#   In 32 bit mode, the process size limit was hit
# Possible solutions:
#   Reduce memory load on the system
#   Increase physical memory or swap space
#   Check if swap backing store is full
#   Use 64 bit Java on a 64 bit OS
#   Decrease Java heap size (-Xmx/-Xms)
#   Decrease number of Java threads
#   Decrease Java thread stack sizes (-Xss)
#   Set larger code cache with -XX:ReservedCodeCacheSize=
# This output file may be truncated or incomplete.
#
#  Out of Memory Error (allocation.cpp:390), pid=10268, tid=0x00000000000034e8
#
# JRE version: OpenJDK Runtime Environment (8.0_152-b01) (build 1.8.0_152-release-1343-b01)
# Java VM: OpenJDK 64-Bit Server VM (25.152-b01 mixed mode windows-amd64 compressed oops)
# Failed to write core dump. Minidumps are not enabled by default on client versions of Windows
#

---------------  T H R E A D  ---------------

Current thread (0x0000000018e30000):  JavaThread "C2 CompilerThread2" daemon [_thread_in_native, id=13544, stack(0x0000000019690000,0x0000000019790000)]

Stack: [0x0000000019690000,0x0000000019790000]
[error occurred during error reporting (printing stack bounds), id 0xc0000005]

Native frames: (J=compiled Java code, j=interpreted, Vv=VM code, C=native code)


Current CompileTask:
C2:  11996 9019       4       com.android.tools.r8.ir.conversion.JarSourceCode::buildInstruction (264 bytes)


---------------  P R O C E S S  ---------------

Java Threads: ( => current thread )
  0x000000001d2c4800 JavaThread "ForkJoinPool.commonPool-worker-7" daemon [_thread_in_Java, id=14292, stack(0x0000000025df0000,0x0000000025ef0000)]
  0x000000001d2c9000 JavaThread "ForkJoinPool.commonPool-worker-6" daemon [_thread_in_Java, id=7392, stack(0x0000000025cf0000,0x0000000025df0000)]
  0x000000001d2cb800 JavaThread "ForkJoinPool.commonPool-worker-5" daemon [_thread_in_Java, id=12072, stack(0x0000000025bf0000,0x0000000025cf0000)]
  0x000000001d2c8800 JavaThread "ForkJoinPool.commonPool-worker-4" daemon [_thread_in_Java, id=4800, stack(0x0000000025af0000,0x0000000025bf0000)]
  0x000000001d2c7000 JavaThread "ForkJoinPool.commonPool-worker-3" daemon [_thread_in_Java, id=10476, stack(0x00000000259f0000,0x0000000025af0000)]
  0x000000001d2c7800 JavaThread "ForkJoinPool.commonPool-worker-2" daemon [_thread_in_Java, id=10352, stack(0x00000000258f0000,0x00000000259f0000)]
  0x000000001d2ca800 JavaThread "ForkJoinPool.commonPool-worker-1" daemon [_thread_in_native, id=1524, stack(0x00000000257f0000,0x00000000258f0000)]
  0x000000001d2c6000 JavaThread "Cache worker for execution history cache (C:\Users\SW6\AndroidStudioProjects\SookChat\.gradle\5.1.1\executionHistory)" [_thread_blocked, id=7004, stack(0x00000000254f0000,0x00000000255f0000)]
  0x000000001d2ca000 JavaThread "Execution worker for ':' Thread 7" [_thread_blocked, id=6080, stack(0x00000000252d0000,0x00000000253d0000)]
  0x0000000021837800 JavaThread "Execution worker for ':' Thread 6" [_thread_blocked, id=11372, stack(0x00000000251d0000,0x00000000252d0000)]
  0x0000000021836800 JavaThread "Execution worker for ':' Thread 5" [_thread_blocked, id=140, stack(0x00000000250d0000,0x00000000251d0000)]
  0x0000000021834800 JavaThread "Execution worker for ':' Thread 4" [_thread_blocked, id=2240, stack(0x0000000024fd0000,0x00000000250d0000)]
  0x0000000021838000 JavaThread "Execution worker for ':' Thread 3" [_thread_blocked, id=14012, stack(0x0000000024ed0000,0x0000000024fd0000)]
  0x0000000021832800 JavaThread "Execution worker for ':' Thread 2" [_thread_blocked, id=6644, stack(0x0000000024dd0000,0x0000000024ed0000)]
  0x0000000021839800 JavaThread "Execution worker for ':'" [_thread_blocked, id=4600, stack(0x0000000024cd0000,0x0000000024dd0000)]
  0x0000000021833800 JavaThread "Cache worker for file content cache (C:\Users\SW6\AndroidStudioProjects\SookChat\.gradle\5.1.1\fileContent)" [_thread_blocked, id=8980, stack(0x0000000024bd0000,0x0000000024cd0000)]
  0x0000000021836000 JavaThread "Cache worker for file content cache (C:\Users\SW6\.gradle\caches\5.1.1\fileContent)" [_thread_blocked, id=7944, stack(0x0000000024ad0000,0x0000000024bd0000)]
  0x0000000021832000 JavaThread "Memory manager" [_thread_blocked, id=9156, stack(0x00000000247d0000,0x00000000248d0000)]
  0x0000000021839000 JavaThread "Cache worker for Build Output Cleanup Cache (C:\Users\SW6\AndroidStudioProjects\SookChat\.gradle\buildOutputCleanup)" [_thread_blocked, id=6460, stack(0x00000000236d0000,0x00000000237d0000)]
  0x0000000021830800 JavaThread "Build operations Thread 8" [_thread_blocked, id=5996, stack(0x00000000235d0000,0x00000000236d0000)]
  0x000000002182d800 JavaThread "Build operations Thread 7" [_thread_blocked, id=10152, stack(0x00000000234d0000,0x00000000235d0000)]
  0x0000000021831000 JavaThread "Build operations Thread 6" [_thread_blocked, id=9492, stack(0x00000000233d0000,0x00000000234d0000)]
  0x000000002182c800 JavaThread "Build operations Thread 5" [_thread_blocked, id=1100, stack(0x00000000232d0000,0x00000000233d0000)]
  0x000000002182c000 JavaThread "Build operations Thread 4" [_thread_blocked, id=4984, stack(0x00000000231d0000,0x00000000232d0000)]
  0x000000002182f800 JavaThread "Build operations Thread 3" [_thread_blocked, id=12556, stack(0x00000000230d0000,0x00000000231d0000)]
  0x000000002182e000 JavaThread "Build operations Thread 2" [_thread_blocked, id=6584, stack(0x0000000022fd0000,0x00000000230d0000)]
  0x000000002182b000 JavaThread "Build operations" [_thread_blocked, id=8680, stack(0x0000000022ed0000,0x0000000022fd0000)]
  0x000000002182f000 JavaThread "Cache worker for execution history cache (C:\Users\SW6\.gradle\caches\5.1.1\executionHistory)" [_thread_blocked, id=7148, stack(0x0000000022dd0000,0x0000000022ed0000)]
  0x000000001ae89000 JavaThread "Cache worker for cache directory md-rule (C:\Users\SW6\.gradle\caches\5.1.1\md-rule)" [_thread_blocked, id=5172, stack(0x0000000022cd0000,0x0000000022dd0000)]
  0x000000001ae84800 JavaThread "Cache worker for cache directory md-supplier (C:\Users\SW6\.gradle\caches\5.1.1\md-supplier)" [_thread_blocked, id=8164, stack(0x0000000022bd0000,0x0000000022cd0000)]
  0x000000001ae8b800 JavaThread "Cache worker for file hash cache (C:\Users\SW6\AndroidStudioProjects\SookChat\.gradle\5.1.1\fileHashes)" [_thread_blocked, id=12236, stack(0x000000001e600000,0x000000001e700000)]
  0x000000001ae86800 JavaThread "Cache worker for journal cache (C:\Users\SW6\.gradle\caches\journal-1)" [_thread_blocked, id=9636, stack(0x000000001c360000,0x000000001c460000)]
  0x000000001ae86000 JavaThread "File lock request listener" [_thread_in_native, id=3180, stack(0x000000001c260000,0x000000001c360000)]
  0x000000001ae7e800 JavaThread "Cache worker for file hash cache (C:\Users\SW6\.gradle\caches\5.1.1\fileHashes)" [_thread_blocked, id=5880, stack(0x000000001c160000,0x000000001c260000)]
  0x000000001ae48000 JavaThread "Thread-8" [_thread_blocked, id=10020, stack(0x000000001c060000,0x000000001c160000)]
  0x000000001ae39800 JavaThread "Stdin handler" [_thread_blocked, id=2512, stack(0x000000001bf60000,0x000000001c060000)]
  0x000000001ae39000 JavaThread "Asynchronous log dispatcher for DefaultDaemonConnection: socket connection from /127.0.0.1:65360 to /127.0.0.1:65361" [_thread_blocked, id=7360, stack(0x000000001bd60000,0x000000001be60000)]
  0x000000001ae35000 JavaThread "Daemon worker" [_thread_blocked, id=7240, stack(0x000000001bc60000,0x000000001bd60000)]
  0x000000001adbe000 JavaThread "Cancel handler" [_thread_blocked, id=12696, stack(0x000000001bb60000,0x000000001bc60000)]
  0x000000001a908000 JavaThread "Handler for socket connection from /127.0.0.1:65360 to /127.0.0.1:65361" [_thread_in_native, id=7976, stack(0x000000001b860000,0x000000001b960000)]
  0x000000001a907800 JavaThread "Daemon" [_thread_blocked, id=10792, stack(0x000000001b760000,0x000000001b860000)]
  0x000000001a9d4800 JavaThread "Daemon periodic checks" [_thread_blocked, id=7200, stack(0x000000001b660000,0x000000001b760000)]
  0x000000001a958000 JavaThread "Incoming local TCP Connector on port 65360" [_thread_in_native, id=9996, stack(0x000000001b480000,0x000000001b580000)]
  0x0000000018eac000 JavaThread "Service Thread" daemon [_thread_blocked, id=9972, stack(0x0000000019890000,0x0000000019990000)]
  0x0000000018e37000 JavaThread "C1 CompilerThread3" daemon [_thread_in_vm, id=7764, stack(0x0000000019790000,0x0000000019890000)]
=>0x0000000018e30000 JavaThread "C2 CompilerThread2" daemon [_thread_in_native, id=13544, stack(0x0000000019690000,0x0000000019790000)]
  0x0000000018e20800 JavaThread "C2 CompilerThread1" daemon [_thread_in_native, id=12856, stack(0x0000000019590000,0x0000000019690000)]
  0x0000000018e1d800 JavaThread "C2 CompilerThread0" daemon [_thread_in_native, id=12816, stack(0x0000000019490000,0x0000000019590000)]
  0x0000000018e1c800 JavaThread "Attach Listener" daemon [_thread_blocked, id=8568, stack(0x0000000019390000,0x0000000019490000)]
  0x0000000018dc8000 JavaThread "Signal Dispatcher" daemon [_thread_blocked, id=7384, stack(0x0000000019290000,0x0000000019390000)]
  0x0000000003039800 JavaThread "Finalizer" daemon [_thread_blocked, id=2996, stack(0x0000000019190000,0x0000000019290000)]
  0x0000000003036000 JavaThread "Reference Handler" daemon [_thread_blocked, id=11052, stack(0x0000000018c90000,0x0000000018d90000)]
  0x0000000002f42800 JavaThread "main" [_thread_blocked, id=3604, stack(0x0000000002ae0000,0x0000000002be0000)]

Other Threads:
  0x0000000016ec8800 VMThread [stack: 0x0000000018b90000,0x0000000018c90000] [id=3880]
  0x0000000018eac800 WatcherThread [stack: 0x0000000019990000,0x0000000019a90000] [id=7080]

VM state:not at safepoint (normal execution)

VM Mutex/Monitor currently owned by a thread:  ([mutex/lock_event])
[0x0000000002f410d0] MethodCompileQueue_lock - owner thread: 0x0000000000000000

Heap:
 PSYoungGen      total 226816K, used 67100K [0x00000000e0000000, 0x00000000ef300000, 0x0000000100000000)
  eden space 210944K, 27% used [0x00000000e0000000,0x00000000e385b858,0x00000000ece00000)
  from space 15872K, 59% used [0x00000000ee180000,0x00000000eeaab940,0x00000000ef100000)
  to   space 18944K, 0% used [0x00000000ece00000,0x00000000ece00000,0x00000000ee080000)
 ParOldGen       total 131584K, used 49055K [0x00000000a0000000, 0x00000000a8080000, 0x00000000e0000000)
  object space 131584K, 37% used [0x00000000a0000000,0x00000000a2fe7ee8,0x00000000a8080000)
 Metaspace       used 71260K, capacity 74366K, committed 74520K, reserved 1114112K
  class space    used 9585K, capacity 10216K, committed 10264K, reserved 1048576K

Card table byte_map: [0x00000000124d0000,0x00000000127e0000] byte_map_base: 0x0000000011fd0000

Marking Bits: (ParMarkBitMap*) 0x0000000076c75aa0
 Begin Bits: [0x00000000131e0000, 0x00000000149e0000)
 End Bits:   [0x00000000149e0000, 0x00000000161e0000)

Polling page: 0x0000000000c70000

CodeCache: size=245760Kb used=27468Kb max_used=27468Kb free=218291Kb
 bounds [0x0000000003110000, 0x0000000004c00000, 0x0000000012110000]
 total_blobs=9610 nmethods=8780 adapters=741
 compilation: enabled

Compilation events (10 events):
Event: 11.992 Thread 0x0000000018e37000 nmethod 9612 0x0000000004bf3890 code [0x0000000004bf39e0, 0x0000000004bf3af0]
Event: 11.992 Thread 0x0000000018e37000 9613       1       com.android.tools.r8.ir.code.CheckCast::maxInValueRegister (4 bytes)
Event: 11.992 Thread 0x0000000018e37000 nmethod 9613 0x0000000004bf3b50 code [0x0000000004bf3ca0, 0x0000000004bf3db0]
Event: 11.992 Thread 0x0000000018e37000 9611       1       com.android.tools.r8.ir.code.CheckCast::hasInvariantOutType (2 bytes)
Event: 11.992 Thread 0x0000000018e37000 nmethod 9611 0x0000000004bf3e10 code [0x0000000004bf3f60, 0x0000000004bf4070]
Event: 11.992 Thread 0x0000000018e37000 9410       1       com.android.tools.r8.ir.code.Throw::instructionTypeCanThrow (2 bytes)
Event: 11.992 Thread 0x0000000018e37000 nmethod 9410 0x0000000004bf40d0 code [0x0000000004bf4220, 0x0000000004bf4330]
Event: 11.992 Thread 0x0000000018e37000 9506       1       com.android.tools.r8.ir.code.Mul::isCommutative (2 bytes)
Event: 11.992 Thread 0x0000000018e37000 nmethod 9506 0x0000000004bf4390 code [0x0000000004bf44e0, 0x0000000004bf45f0]
Event: 11.994 Thread 0x0000000018e37000 9686       2       com.android.tools.r8.ir.conversion.JarSourceCode::traceInstruction (266 bytes)

GC Heap History (10 events):
Event: 6.750 GC heap before
{Heap before GC invocations=11 (full 2):
 PSYoungGen      total 175104K, used 161792K [0x00000000e0000000, 0x00000000ef580000, 0x0000000100000000)
  eden space 161792K, 100% used [0x00000000e0000000,0x00000000e9e00000,0x00000000e9e00000)
  from space 13312K, 0% used [0x00000000eaa80000,0x00000000eaa80000,0x00000000eb780000)
  to   space 12800K, 0% used [0x00000000e9e00000,0x00000000e9e00000,0x00000000eaa80000)
 ParOldGen       total 89600K, used 15301K [0x00000000a0000000, 0x00000000a5780000, 0x00000000e0000000)
  object space 89600K, 17% used [0x00000000a0000000,0x00000000a0ef1690,0x00000000a5780000)
 Metaspace       used 47088K, capacity 48174K, committed 48424K, reserved 1091584K
  class space    used 6387K, capacity 6684K, committed 6696K, reserved 1048576K
Event: 6.766 GC heap after
Heap after GC invocations=11 (full 2):
 PSYoungGen      total 174592K, used 12782K [0x00000000e0000000, 0x00000000ef100000, 0x0000000100000000)
  eden space 161792K, 0% used [0x00000000e0000000,0x00000000e0000000,0x00000000e9e00000)
  from space 12800K, 99% used [0x00000000e9e00000,0x00000000eaa7bb60,0x00000000eaa80000)
  to   space 15872K, 0% used [0x00000000ee180000,0x00000000ee180000,0x00000000ef100000)
 ParOldGen       total 89600K, used 19370K [0x00000000a0000000, 0x00000000a5780000, 0x00000000e0000000)
  object space 89600K, 21% used [0x00000000a0000000,0x00000000a12eab50,0x00000000a5780000)
 Metaspace       used 47088K, capacity 48174K, committed 48424K, reserved 1091584K
  class space    used 6387K, capacity 6684K, committed 6696K, reserved 1048576K
}
Event: 8.582 GC heap before
{Heap before GC invocations=12 (full 2):
 PSYoungGen      total 174592K, used 135511K [0x00000000e0000000, 0x00000000ef100000, 0x0000000100000000)
  eden space 161792K, 75% used [0x00000000e0000000,0x00000000e77da1f8,0x00000000e9e00000)
  from space 12800K, 99% used [0x00000000e9e00000,0x00000000eaa7bb60,0x00000000eaa80000)
  to   space 15872K, 0% used [0x00000000ee180000,0x00000000ee180000,0x00000000ef100000)
 ParOldGen       total 89600K, used 19370K [0x00000000a0000000, 0x00000000a5780000, 0x00000000e0000000)
  object space 89600K, 21% used [0x00000000a0000000,0x00000000a12eab50,0x00000000a5780000)
 Metaspace       used 57558K, capacity 59020K, committed 59160K, reserved 1099776K
  class space    used 7769K, capacity 8135K, committed 8216K, reserved 1048576K
Event: 8.603 GC heap after
Heap after GC invocations=12 (full 2):
 PSYoungGen      total 226816K, used 15847K [0x00000000e0000000, 0x00000000ef300000, 0x0000000100000000)
  eden space 210944K, 0% used [0x00000000e0000000,0x00000000e0000000,0x00000000ece00000)
  from space 15872K, 99% used [0x00000000ee180000,0x00000000ef0f9d98,0x00000000ef100000)
  to   space 18944K, 0% used [0x00000000ece00000,0x00000000ece00000,0x00000000ee080000)
 ParOldGen       total 89600K, used 22708K [0x00000000a0000000, 0x00000000a5780000, 0x00000000e0000000)
  object space 89600K, 25% used [0x00000000a0000000,0x00000000a162d078,0x00000000a5780000)
 Metaspace       used 57558K, capacity 59020K, committed 59160K, reserved 1099776K
  class space    used 7769K, capacity 8135K, committed 8216K, reserved 1048576K
}
Event: 8.603 GC heap before
{Heap before GC invocations=13 (full 3):
 PSYoungGen      total 226816K, used 15847K [0x00000000e0000000, 0x00000000ef300000, 0x0000000100000000)
  eden space 210944K, 0% used [0x00000000e0000000,0x00000000e0000000,0x00000000ece00000)
  from space 15872K, 99% used [0x00000000ee180000,0x00000000ef0f9d98,0x00000000ef100000)
  to   space 18944K, 0% used [0x00000000ece00000,0x00000000ece00000,0x00000000ee080000)
 ParOldGen       total 89600K, used 22708K [0x00000000a0000000, 0x00000000a5780000, 0x00000000e0000000)
  object space 89600K, 25% used [0x00000000a0000000,0x00000000a162d078,0x00000000a5780000)
 Metaspace       used 57558K, capacity 59020K, committed 59160K, reserved 1099776K
  class space    used 7769K, capacity 8135K, committed 8216K, reserved 1048576K
Event: 8.812 GC heap after
Heap after GC invocations=13 (full 3):
 PSYoungGen      total 226816K, used 0K [0x00000000e0000000, 0x00000000ef300000, 0x0000000100000000)
  eden space 210944K, 0% used [0x00000000e0000000,0x00000000e0000000,0x00000000ece00000)
  from space 15872K, 0% used [0x00000000ee180000,0x00000000ee180000,0x00000000ef100000)
  to   space 18944K, 0% used [0x00000000ece00000,0x00000000ece00000,0x00000000ee080000)
 ParOldGen       total 131584K, used 33051K [0x00000000a0000000, 0x00000000a8080000, 0x00000000e0000000)
  object space 131584K, 25% used [0x00000000a0000000,0x00000000a2046d40,0x00000000a8080000)
 Metaspace       used 57558K, capacity 59020K, committed 59160K, reserved 1099776K
  class space    used 7769K, capacity 8135K, committed 8216K, reserved 1048576K
}
Event: 10.937 GC heap before
{Heap before GC invocations=14 (full 3):
 PSYoungGen      total 226816K, used 210944K [0x00000000e0000000, 0x00000000ef300000, 0x0000000100000000)
  eden space 210944K, 100% used [0x00000000e0000000,0x00000000ece00000,0x00000000ece00000)
  from space 15872K, 0% used [0x00000000ee180000,0x00000000ee180000,0x00000000ef100000)
  to   space 18944K, 0% used [0x00000000ece00000,0x00000000ece00000,0x00000000ee080000)
 ParOldGen       total 131584K, used 33051K [0x00000000a0000000, 0x00000000a8080000, 0x00000000e0000000)
  object space 131584K, 25% used [0x00000000a0000000,0x00000000a2046d40,0x00000000a8080000)
 Metaspace       used 64226K, capacity 66624K, committed 66840K, reserved 1107968K
  class space    used 8656K, capacity 9189K, committed 9240K, reserved 1048576K
Event: 10.955 GC heap after
Heap after GC invocations=14 (full 3):
 PSYoungGen      total 229888K, used 18941K [0x00000000e0000000, 0x00000000ef300000, 0x0000000100000000)
  eden space 210944K, 0% used [0x00000000e0000000,0x00000000e0000000,0x00000000ece00000)
  from space 18944K, 99% used [0x00000000ece00000,0x00000000ee07f508,0x00000000ee080000)
  to   space 15872K, 0% used [0x00000000ee180000,0x00000000ee180000,0x00000000ef100000)
 ParOldGen       total 131584K, used 34098K [0x00000000a0000000, 0x00000000a8080000, 0x00000000e0000000)
  object space 131584K, 25% used [0x00000000a0000000,0x00000000a214c808,0x00000000a8080000)
 Metaspace       used 64226K, capacity 66624K, committed 66840K, reserved 1107968K
  class space    used 8656K, capacity 9189K, committed 9240K, reserved 1048576K
}
Event: 11.854 GC heap before
{Heap before GC invocations=15 (full 3):
 PSYoungGen      total 229888K, used 229885K [0x00000000e0000000, 0x00000000ef300000, 0x0000000100000000)
  eden space 210944K, 100% used [0x00000000e0000000,0x00000000ece00000,0x00000000ece00000)
  from space 18944K, 99% used [0x00000000ece00000,0x00000000ee07f508,0x00000000ee080000)
  to   space 15872K, 0% used [0x00000000ee180000,0x00000000ee180000,0x00000000ef100000)
 ParOldGen       total 131584K, used 34098K [0x00000000a0000000, 0x00000000a8080000, 0x00000000e0000000)
  object space 131584K, 25% used [0x00000000a0000000,0x00000000a214c808,0x00000000a8080000)
 Metaspace       used 70842K, capacity 73840K, committed 74008K, reserved 1114112K
  class space    used 9532K, capacity 10141K, committed 10264K, reserved 1048576K
Event: 11.871 GC heap after
Heap after GC invocations=15 (full 3):
 PSYoungGen      total 226816K, used 9390K [0x00000000e0000000, 0x00000000ef300000, 0x0000000100000000)
  eden space 210944K, 0% used [0x00000000e0000000,0x00000000e0000000,0x00000000ece00000)
  from space 15872K, 59% used [0x00000000ee180000,0x00000000eeaab940,0x00000000ef100000)
  to   space 18944K, 0% used [0x00000000ece00000,0x00000000ece00000,0x00000000ee080000)
 ParOldGen       total 131584K, used 49055K [0x00000000a0000000, 0x00000000a8080000, 0x00000000e0000000)
  object space 131584K, 37% used [0x00000000a0000000,0x00000000a2fe7ee8,0x00000000a8080000)
 Metaspace       used 70842K, capacity 73840K, committed 74008K, reserved 1114112K
  class space    used 9532K, capacity 10141K, committed 10264K, reserved 1048576K
}

Deoptimization events (10 events):
Event: 11.813 Thread 0x000000001d2cb800 Uncommon trap: reason=bimorphic action=maybe_recompile pc=0x00000000047c3174 method=com.android.tools.r8.ir.code.ValueType.fromTypeLattice(Lcom/android/tools/r8/ir/analysis/type/TypeLatticeElement;)Lcom/android/tools/r8/ir/code/ValueType; @ 23
Event: 11.813 Thread 0x000000001d2cb800 Uncommon trap: reason=bimorphic action=maybe_recompile pc=0x00000000047c3174 method=com.android.tools.r8.ir.code.ValueType.fromTypeLattice(Lcom/android/tools/r8/ir/analysis/type/TypeLatticeElement;)Lcom/android/tools/r8/ir/code/ValueType; @ 23
Event: 11.815 Thread 0x000000001d2cb800 Uncommon trap: reason=bimorphic action=maybe_recompile pc=0x00000000047c2e04 method=com.android.tools.r8.ir.code.ValueType.fromTypeLattice(Lcom/android/tools/r8/ir/analysis/type/TypeLatticeElement;)Lcom/android/tools/r8/ir/code/ValueType; @ 23
Event: 11.816 Thread 0x000000001d2cb800 Uncommon trap: reason=bimorphic action=maybe_recompile pc=0x0000000004930e10 method=com.android.tools.r8.ir.code.ValueType.fromTypeLattice(Lcom/android/tools/r8/ir/analysis/type/TypeLatticeElement;)Lcom/android/tools/r8/ir/code/ValueType; @ 23
Event: 11.909 Thread 0x000000001d2c8800 Uncommon trap: reason=class_check action=maybe_recompile pc=0x00000000049ab6e4 method=com.android.tools.r8.ir.optimize.MoveEliminator.shouldBeEliminated(Lcom/android/tools/r8/ir/code/Instruction;)Z @ 83
Event: 11.909 Thread 0x000000001d2c8800 Uncommon trap: reason=class_check action=maybe_recompile pc=0x00000000049ab6e4 method=com.android.tools.r8.ir.optimize.MoveEliminator.shouldBeEliminated(Lcom/android/tools/r8/ir/code/Instruction;)Z @ 83
Event: 11.917 Thread 0x000000001d2c8800 Uncommon trap: reason=class_check action=maybe_recompile pc=0x00000000049ab6e4 method=com.android.tools.r8.ir.optimize.MoveEliminator.shouldBeEliminated(Lcom/android/tools/r8/ir/code/Instruction;)Z @ 83
Event: 11.917 Thread 0x000000001d2c8800 Uncommon trap: reason=class_check action=maybe_recompile pc=0x00000000049ab6e4 method=com.android.tools.r8.ir.optimize.MoveEliminator.shouldBeEliminated(Lcom/android/tools/r8/ir/code/Instruction;)Z @ 83
Event: 11.966 Thread 0x000000001d2ca800 Uncommon trap: reason=unstable_if action=reinterpret pc=0x00000000033def80 method=java.util.Arrays.equals([Ljava/lang/Object;[Ljava/lang/Object;)Z @ 47
Event: 11.993 Thread 0x000000001d2c4800 Uncommon trap: reason=unstable_if action=reinterpret pc=0x0000000004b20f78 method=com.android.tools.r8.ir.conversion.JarSourceCode.traceInstruction(ILcom/android/tools/r8/ir/conversion/IRBuilder;)I @ 203

Classes redefined (0 events):
No events

Internal exceptions (10 events):
Event: 10.742 Thread 0x000000001d2c4800 Exception <a 'java/lang/NoSuchMethodError': java.lang.Object.lambda$and$0(Ljava/util/function/Predicate;Ljava/lang/Object;)Z> (0x00000000eb3fa8b8) thrown at [D:\src\AOSP-openjdk-cygwin\jdk8u\hotspot\src\share\vm\interpreter\linkResolver.cpp, line 584]
Event: 10.745 Thread 0x000000001d2c9000 Implicit null exception at 0x0000000003cc4128 to 0x0000000003cc4659
Event: 10.745 Thread 0x000000001d2c8800 Implicit null exception at 0x0000000003cc4128 to 0x0000000003cc4659
Event: 10.745 Thread 0x000000001d2c7000 Implicit null exception at 0x0000000003cc4128 to 0x0000000003cc4659
Event: 10.745 Thread 0x000000001d2ca800 Implicit null exception at 0x0000000003cc4128 to 0x0000000003cc4659
Event: 10.745 Thread 0x000000001d2c7800 Implicit null exception at 0x0000000003cc4128 to 0x0000000003cc4659
Event: 10.745 Thread 0x000000001d2c4800 Implicit null exception at 0x0000000003cc4128 to 0x0000000003cc4659
Event: 10.745 Thread 0x000000001d2cb800 Implicit null exception at 0x0000000003cc4128 to 0x0000000003cc4659
Event: 10.746 Thread 0x000000001d2c8800 Exception <a 'java/lang/NoSuchMethodError': java.lang.Object.lambda$static$0(Ljava/lang/String;)Z> (0x00000000eb1d8aa8) thrown at [D:\src\AOSP-openjdk-cygwin\jdk8u\hotspot\src\share\vm\interpreter\linkResolver.cpp, line 584]
Event: 11.966 Thread 0x000000001d2ca800 Implicit null exception at 0x00000000033deeca to 0x00000000033def5d

Events (10 events):
Event: 11.969 loading class com/android/tools/r8/it/unimi/dsi/fastutil/objects/AbstractReferenceSortedSet done
Event: 11.970 loading class com/android/tools/r8/it/unimi/dsi/fastutil/objects/AbstractReferenceSet
Event: 11.970 loading class com/android/tools/r8/it/unimi/dsi/fastutil/objects/AbstractReferenceSet done
Event: 11.971 loading class com/android/tools/r8/it/unimi/dsi/fastutil/objects/Reference2IntLinkedOpenHashMap$KeyIterator
Event: 11.971 loading class com/android/tools/r8/it/unimi/dsi/fastutil/objects/Reference2IntLinkedOpenHashMap$KeyIterator done
Event: 11.979 Thread 0x000000001d2c4800 DEOPT PACKING pc=0x0000000004a00448 sp=0x0000000025eee180
Event: 11.979 Thread 0x000000001d2c4800 DEOPT UNPACKING pc=0x00000000031575d0 sp=0x0000000025eedee0 mode 0
Event: 11.993 Thread 0x000000001d2c4800 Uncommon trap: trap_request=0xffffff65 fr.pc=0x0000000004b20f78
Event: 11.993 Thread 0x000000001d2c4800 DEOPT PACKING pc=0x0000000004b20f78 sp=0x0000000025eedd50
Event: 11.993 Thread 0x000000001d2c4800 DEOPT UNPACKING pc=0x000000000315557b sp=0x0000000025eedd58 mode 2


Dynamic libraries:
0x00007ff7cee00000 - 0x00007ff7cee31000 	C:\Program Files\Android\Android Studio\jre\bin\java.exe
0x00007ffad2000000 - 0x00007ffad21e1000 	C:\WINDOWS\SYSTEM32\ntdll.dll
0x00007ffacf980000 - 0x00007ffacfa31000 	C:\WINDOWS\System32\KERNEL32.DLL
0x00007ffacefc0000 - 0x00007ffacf233000 	C:\WINDOWS\System32\KERNELBASE.dll
0x00007ffacf490000 - 0x00007ffacf531000 	C:\WINDOWS\System32\ADVAPI32.dll
0x00007ffad16b0000 - 0x00007ffad174e000 	C:\WINDOWS\System32\msvcrt.dll
0x00007ffad1cf0000 - 0x00007ffad1d4b000 	C:\WINDOWS\System32\sechost.dll
0x00007ffad1dd0000 - 0x00007ffad1ef4000 	C:\WINDOWS\System32\RPCRT4.dll
0x00007ffad19a0000 - 0x00007ffad1b30000 	C:\WINDOWS\System32\USER32.dll
0x00007ffacefa0000 - 0x00007ffacefc0000 	C:\WINDOWS\System32\win32u.dll
0x00007ffacf6a0000 - 0x00007ffacf6c8000 	C:\WINDOWS\System32\GDI32.dll
0x00007ffacf240000 - 0x00007ffacf3d2000 	C:\WINDOWS\System32\gdi32full.dll
0x00007fface5a0000 - 0x00007fface63f000 	C:\WINDOWS\System32\msvcp_win.dll
0x00007fface3d0000 - 0x00007fface4c8000 	C:\WINDOWS\System32\ucrtbase.dll
0x00007ffabb940000 - 0x00007ffabbba9000 	C:\WINDOWS\WinSxS\amd64_microsoft.windows.common-controls_6595b64144ccf1df_6.0.17134.706_none_fb43a2cb30647007\COMCTL32.dll
0x00007ffad1380000 - 0x00007ffad16a2000 	C:\WINDOWS\System32\combase.dll
0x00007fface520000 - 0x00007fface59a000 	C:\WINDOWS\System32\bcryptPrimitives.dll
0x00007ffad0e80000 - 0x00007ffad0ead000 	C:\WINDOWS\System32\IMM32.DLL
0x0000000077760000 - 0x0000000077832000 	C:\Program Files\Android\Android Studio\jre\jre\bin\msvcr100.dll
0x00000000764b0000 - 0x0000000076cf1000 	C:\Program Files\Android\Android Studio\jre\jre\bin\server\jvm.dll
0x00007ffacf730000 - 0x00007ffacf738000 	C:\WINDOWS\System32\PSAPI.DLL
0x00007ffabddf0000 - 0x00007ffabddf9000 	C:\WINDOWS\SYSTEM32\WSOCK32.dll
0x00007ffacc1b0000 - 0x00007ffacc1d3000 	C:\WINDOWS\SYSTEM32\WINMM.dll
0x00007ffac9fd0000 - 0x00007ffac9fda000 	C:\WINDOWS\SYSTEM32\VERSION.dll
0x00007ffad1b90000 - 0x00007ffad1bfc000 	C:\WINDOWS\System32\WS2_32.dll
0x00007ffacc180000 - 0x00007ffacc1aa000 	C:\WINDOWS\SYSTEM32\winmmbase.dll
0x00007fface4d0000 - 0x00007fface519000 	C:\WINDOWS\System32\cfgmgr32.dll
0x00007ffac2cf0000 - 0x00007ffac2cff000 	C:\Program Files\Android\Android Studio\jre\jre\bin\verify.dll
0x00007ffac20e0000 - 0x00007ffac2109000 	C:\Program Files\Android\Android Studio\jre\jre\bin\java.dll
0x00007ffac20c0000 - 0x00007ffac20d6000 	C:\Program Files\Android\Android Studio\jre\jre\bin\zip.dll
0x00007ffacfa40000 - 0x00007ffad0e80000 	C:\WINDOWS\System32\SHELL32.dll
0x00007ffad1760000 - 0x00007ffad1809000 	C:\WINDOWS\System32\shcore.dll
0x00007fface890000 - 0x00007ffacef9d000 	C:\WINDOWS\System32\windows.storage.dll
0x00007ffacf6d0000 - 0x00007ffacf721000 	C:\WINDOWS\System32\shlwapi.dll
0x00007fface350000 - 0x00007fface361000 	C:\WINDOWS\System32\kernel.appcore.dll
0x00007fface330000 - 0x00007fface34f000 	C:\WINDOWS\System32\profapi.dll
0x00007fface370000 - 0x00007fface3bc000 	C:\WINDOWS\System32\powrprof.dll
0x00007fface3c0000 - 0x00007fface3ca000 	C:\WINDOWS\System32\FLTLIB.DLL
0x00007ffac1b40000 - 0x00007ffac1b5a000 	C:\Program Files\Android\Android Studio\jre\jre\bin\net.dll
0x00007ffacdb30000 - 0x00007ffacdb96000 	C:\WINDOWS\system32\mswsock.dll
0x00007ffac1b20000 - 0x00007ffac1b31000 	C:\Program Files\Android\Android Studio\jre\jre\bin\nio.dll
0x00007ffabf850000 - 0x00007ffabf86e000 	C:\Users\SW6\.gradle\native\25\windows-amd64\native-platform.dll
0x00007ffac22d0000 - 0x00007ffac22dd000 	C:\Program Files\Android\Android Studio\jre\jre\bin\management.dll
0x00007ffacdcf0000 - 0x00007ffacdd07000 	C:\WINDOWS\SYSTEM32\CRYPTSP.dll
0x00007ffacd710000 - 0x00007ffacd743000 	C:\WINDOWS\system32\rsaenh.dll
0x00007ffacde70000 - 0x00007ffacde95000 	C:\WINDOWS\SYSTEM32\bcrypt.dll
0x00007fface210000 - 0x00007fface238000 	C:\WINDOWS\SYSTEM32\USERENV.dll
0x00007ffacdce0000 - 0x00007ffacdceb000 	C:\WINDOWS\SYSTEM32\CRYPTBASE.dll
0x00007ffacd8b0000 - 0x00007ffacd8e8000 	C:\WINDOWS\SYSTEM32\IPHLPAPI.DLL
0x00007ffad1810000 - 0x00007ffad1818000 	C:\WINDOWS\System32\NSI.dll
0x00007ffac49c0000 - 0x00007ffac49d6000 	C:\WINDOWS\SYSTEM32\dhcpcsvc6.DLL
0x00007ffac49a0000 - 0x00007ffac49ba000 	C:\WINDOWS\SYSTEM32\dhcpcsvc.DLL

VM Arguments:
jvm_args: -Xmx1536m -Dfile.encoding=x-windows-949 -Duser.country=KR -Duser.language=ko -Duser.variant 
java_command: org.gradle.launcher.daemon.bootstrap.GradleDaemon 5.1.1
java_class_path (initial): C:\Users\SW6\.gradle\wrapper\dists\gradle-5.1.1-all\97z1ksx6lirer3kbvdnh7jtjg\gradle-5.1.1\lib\gradle-launcher-5.1.1.jar
Launcher Type: SUN_STANDARD

Environment Variables:
JAVA_HOME=C:\Program Files\Java\jdk1.8.0_201
CLASSPATH=C:\Jsp\Tomcat 9.0\lib\jsp-api.jar;C:\Jsp\Tomcat 9.0\lib\servlet-api.jar;
PATH=C:\Oracle\product\11.2.0\dbhome_1\bin;C:\Anaconda3;C:\Anaconda3\Library\mingw-w64\bin;C:\Anaconda3\Library\usr\bin;C:\Anaconda3\Library\bin;C:\Anaconda3\Scripts;C:\Program Files (x86)\Intel\iCLS Client\;C:\Program Files\Intel\iCLS Client\;C:\WINDOWS\system32;C:\WINDOWS;C:\WINDOWS\System32\Wbem;C:\WINDOWS\System32\WindowsPowerShell\v1.0\;C:\Program Files (x86)\Intel\Intel(R) Management Engine Components\DAL;C:\Program Files\Intel\Intel(R) Management Engine Components\DAL;C:\Program Files (x86)\Intel\Intel(R) Management Engine Components\IPT;C:\Program Files\Intel\Intel(R) Management Engine Components\IPT;C:\Program Files (x86)\Microsoft SQL Server\100\Tools\Binn\;C:\Program Files\Microsoft SQL Server\100\Tools\Binn\;C:\Program Files\Microsoft SQL Server\100\DTS\Binn\;C:\opencv\build\x64\vc12\bin\;C:\opencv\build\x64\vc12\bin\;C:\Program Files\Microsoft SQL Server\130\Tools\Binn\;C:\WINDOWS\system32\config\systemprofile\.dnx\bin;C:\Program Files\Microsoft DNX\Dnvm\;C:\Program Files (x86)\Windows Kits\8.1\Windows Performance Toolkit\;C:\WINDOWS\System32\OpenSSH\;C:\Program Files\PuTTY\;%JAVA_HOME%\bin;C:\Program Files\Git\cmd;C:\Users\SW6\AppData\Local\Microsoft\WindowsApps;C:\Users\SW6\Anaconda2\Scripts;C:\Program Files\Bandizip\;C:\Users\SW6\AppData\Local\Programs\Python\Python36-32;C:\Program Files\Java\jdk1.8.0_201\bin;
USERNAME=SW6
OS=Windows_NT
PROCESSOR_IDENTIFIER=Intel64 Family 6 Model 94 Stepping 3, GenuineIntel



---------------  S Y S T E M  ---------------

OS: Windows 10.0 , 64 bit Build 17134 (10.0.17134.706)

CPU:total 8 (initial active 8) (4 cores per cpu, 2 threads per core) family 6 model 94 stepping 3, cmov, cx8, fxsr, mmx, sse, sse2, sse3, ssse3, sse4.1, sse4.2, popcnt, avx, avx2, aes, clmul, erms, rtm, 3dnowpref, lzcnt, ht, tsc, tscinvbit, bmi1, bmi2, adx

Memory: 4k page, physical 8302148k(404768k free), swap 33467972k(5284k free)

vm_info: OpenJDK 64-Bit Server VM (25.152-b01) for windows-amd64 JRE (1.8.0_152-release-1343-b01), built by "builder" with MS VC++ 10.0 (VS2010)

time: Thu May 09 16:42:15 2019
elapsed time: 12 seconds (0d 0h 0m 12s)

