#
# There is insufficient memory for the Java Runtime Environment to continue.
# Native memory allocation (malloc) failed to allocate 1538736 bytes for Chunk::new
# Possible reasons:
#   The system is out of physical RAM or swap space
#   In 32 bit mode, the process size limit was hit
# Possible solutions:
#   Reduce memory load on the system
#   Increase physical memory or swap space
#   Check if swap backing store is full
#   Use 64 bit Java on a 64 bit OS
#   Decrease Java heap size (-Xmx/-Xms)
#   Decrease number of Java threads
#   Decrease Java thread stack sizes (-Xss)
#   Set larger code cache with -XX:ReservedCodeCacheSize=
# This output file may be truncated or incomplete.
#
#  Out of Memory Error (allocation.cpp:390), pid=9724, tid=0x0000000000002eac
#
# JRE version: OpenJDK Runtime Environment (8.0_152-b01) (build 1.8.0_152-release-1343-b01)
# Java VM: OpenJDK 64-Bit Server VM (25.152-b01 mixed mode windows-amd64 compressed oops)
# Failed to write core dump. Minidumps are not enabled by default on client versions of Windows
#

---------------  T H R E A D  ---------------

Current thread (0x0000000018742800):  JavaThread "C2 CompilerThread0" daemon [_thread_in_native, id=11948, stack(0x0000000018db0000,0x0000000018eb0000)]

Stack: [0x0000000018db0000,0x0000000018eb0000]
[error occurred during error reporting (printing stack bounds), id 0xc0000005]

Native frames: (J=compiled Java code, j=interpreted, Vv=VM code, C=native code)


Current CompileTask:
C2: 952299 15198       4       com.google.common.reflect.TypeResolver::resolveType (74 bytes)


---------------  P R O C E S S  ---------------

Java Threads: ( => current thread )
  0x000000001a931800 JavaThread "ForkJoinPool.commonPool-worker-0" daemon [_thread_blocked, id=3640, stack(0x0000000030b20000,0x0000000030c20000)]
  0x000000001a92f800 JavaThread "stdout" daemon [_thread_in_native, id=8724, stack(0x0000000030920000,0x0000000030a20000)]
  0x000000001a936000 JavaThread "stderr" daemon [_thread_in_native, id=4272, stack(0x0000000030820000,0x0000000030920000)]
  0x000000001a933000 JavaThread "stdout" daemon [_thread_in_native, id=9352, stack(0x0000000030720000,0x0000000030820000)]
  0x000000001a92e800 JavaThread "stderr" daemon [_thread_in_native, id=7864, stack(0x0000000030620000,0x0000000030720000)]
  0x000000001a927000 JavaThread "stdout" daemon [_thread_in_native, id=6528, stack(0x0000000030520000,0x0000000030620000)]
  0x000000001a928800 JavaThread "stderr" daemon [_thread_in_native, id=11308, stack(0x0000000030420000,0x0000000030520000)]
  0x000000001a92e000 JavaThread "stdout" daemon [_thread_in_native, id=6036, stack(0x0000000030320000,0x0000000030420000)]
  0x000000001a92d000 JavaThread "stderr" daemon [_thread_in_native, id=12292, stack(0x0000000030220000,0x0000000030320000)]
  0x000000001a928000 JavaThread "stdout" daemon [_thread_in_native, id=11516, stack(0x0000000030120000,0x0000000030220000)]
  0x000000001a92c800 JavaThread "stderr" daemon [_thread_in_native, id=9056, stack(0x0000000030020000,0x0000000030120000)]
  0x000000001a92b800 JavaThread "stdout" daemon [_thread_in_native, id=13176, stack(0x000000002ff20000,0x0000000030020000)]
  0x000000001a92b000 JavaThread "stdout" daemon [_thread_in_native, id=7516, stack(0x000000002fe20000,0x000000002ff20000)]
  0x000000001a92a000 JavaThread "stderr" daemon [_thread_in_native, id=1880, stack(0x000000002fd20000,0x000000002fe20000)]
  0x000000001a929800 JavaThread "stderr" daemon [_thread_in_native, id=10072, stack(0x000000002fc20000,0x000000002fd20000)]
  0x000000001a86f000 JavaThread "pool-11-thread-1" [_thread_blocked, id=7572, stack(0x000000002fb20000,0x000000002fc20000)]
  0x000000001a872800 JavaThread "ForkJoinPool.commonPool-worker-7" daemon [_thread_in_Java, id=4804, stack(0x000000002fa20000,0x000000002fb20000)]
  0x000000001a874000 JavaThread "ForkJoinPool.commonPool-worker-5" daemon [_thread_in_vm, id=14216, stack(0x000000002f920000,0x000000002fa20000)]
  0x000000001c2b4000 JavaThread "ForkJoinPool.commonPool-worker-6" daemon [_thread_in_Java, id=11408, stack(0x000000002f820000,0x000000002f920000)]
  0x000000001c2b2800 JavaThread "ForkJoinPool.commonPool-worker-4" daemon [_thread_in_Java, id=7752, stack(0x000000002f720000,0x000000002f820000)]
  0x000000001c2b5000 JavaThread "ForkJoinPool.commonPool-worker-3" daemon [_thread_in_Java, id=13044, stack(0x000000002f620000,0x000000002f720000)]
  0x000000001c2b2000 JavaThread "ForkJoinPool.commonPool-worker-1" daemon [_thread_blocked, id=12972, stack(0x000000002f420000,0x000000002f520000)]
  0x000000001c2ac800 JavaThread "Cache worker for execution history cache (C:\Users\SW6\AndroidStudioProjects\SookChat\.gradle\5.1.1\executionHistory)" [_thread_blocked, id=10000, stack(0x000000002f320000,0x000000002f420000)]
  0x000000001c2b0800 JavaThread "Execution worker for ':' Thread 7" [_thread_blocked, id=7376, stack(0x000000002f220000,0x000000002f320000)]
  0x000000001c2a9000 JavaThread "Execution worker for ':' Thread 6" [_thread_blocked, id=12660, stack(0x000000002f120000,0x000000002f220000)]
  0x000000001c2af000 JavaThread "Execution worker for ':' Thread 5" [_thread_blocked, id=8452, stack(0x000000002f020000,0x000000002f120000)]
  0x000000001c2af800 JavaThread "Execution worker for ':' Thread 4" [_thread_blocked, id=10632, stack(0x000000002ef20000,0x000000002f020000)]
  0x000000001c2a9800 JavaThread "Execution worker for ':' Thread 3" [_thread_blocked, id=1920, stack(0x000000002ee20000,0x000000002ef20000)]
  0x000000001c2a6000 JavaThread "Execution worker for ':' Thread 2" [_thread_blocked, id=644, stack(0x000000002ed20000,0x000000002ee20000)]
  0x000000001c2ac000 JavaThread "Execution worker for ':'" [_thread_blocked, id=6920, stack(0x000000002ec20000,0x000000002ed20000)]
  0x000000001c2a6800 JavaThread "Cache worker for file content cache (C:\Users\SW6\AndroidStudioProjects\SookChat\.gradle\5.1.1\fileContent)" [_thread_blocked, id=3528, stack(0x000000002eb20000,0x000000002ec20000)]
  0x000000001c2a8000 JavaThread "Cache worker for Build Output Cleanup Cache (C:\Users\SW6\AndroidStudioProjects\SookChat\.gradle\buildOutputCleanup)" [_thread_blocked, id=1172, stack(0x000000002ea20000,0x000000002eb20000)]
  0x000000001e8c8000 JavaThread "Build operations Thread 8" [_thread_blocked, id=4976, stack(0x000000002e920000,0x000000002ea20000)]
  0x000000001e8c7800 JavaThread "Build operations Thread 7" [_thread_blocked, id=10532, stack(0x000000002e820000,0x000000002e920000)]
  0x000000001e8c6000 JavaThread "Build operations Thread 6" [_thread_blocked, id=5780, stack(0x000000002e720000,0x000000002e820000)]
  0x000000001e8c5000 JavaThread "Build operations Thread 5" [_thread_blocked, id=1244, stack(0x000000002e620000,0x000000002e720000)]
  0x000000001e8bd800 JavaThread "Build operations Thread 4" [_thread_blocked, id=11528, stack(0x000000002e520000,0x000000002e620000)]
  0x000000001e8c4800 JavaThread "Build operations Thread 3" [_thread_blocked, id=836, stack(0x000000002e420000,0x000000002e520000)]
  0x000000001e8c3000 JavaThread "Build operations Thread 2" [_thread_blocked, id=9092, stack(0x000000002e320000,0x000000002e420000)]
  0x000000001e8c1800 JavaThread "Build operations" [_thread_blocked, id=10964, stack(0x000000002e220000,0x000000002e320000)]
  0x000000001e8c2000 JavaThread "Cache worker for cache directory md-rule (C:\Users\SW6\.gradle\caches\5.1.1\md-rule)" [_thread_blocked, id=11500, stack(0x000000002e120000,0x000000002e220000)]
  0x000000001e8c3800 JavaThread "Cache worker for cache directory md-supplier (C:\Users\SW6\.gradle\caches\5.1.1\md-supplier)" [_thread_blocked, id=6788, stack(0x000000002e020000,0x000000002e120000)]
  0x000000001e8ba000 JavaThread "Cache worker for file hash cache (C:\Users\SW6\AndroidStudioProjects\SookChat\.gradle\5.1.1\fileHashes)" [_thread_blocked, id=10448, stack(0x000000002df20000,0x000000002e020000)]
  0x000000001e8c0800 JavaThread "Thread-141" [_thread_blocked, id=4964, stack(0x000000002de20000,0x000000002df20000)]
  0x000000001e8bf000 JavaThread "Stdin handler" [_thread_blocked, id=9196, stack(0x000000002dd20000,0x000000002de20000)]
  0x000000001e8c0000 JavaThread "Asynchronous log dispatcher for DefaultDaemonConnection: socket connection from /127.0.0.1:63746 to /127.0.0.1:65315" [_thread_blocked, id=8808, stack(0x000000002dc20000,0x000000002dd20000)]
  0x000000001e8bd000 JavaThread "Cancel handler" [_thread_blocked, id=2572, stack(0x000000002db20000,0x000000002dc20000)]
  0x000000001e8bc000 JavaThread "Handler for socket connection from /127.0.0.1:63746 to /127.0.0.1:65315" [_thread_in_native, id=7908, stack(0x000000002da20000,0x000000002db20000)]
  0x000000001e8bb800 JavaThread "Daemon worker Thread 4" [_thread_blocked, id=7896, stack(0x000000002a720000,0x000000002a820000)]
  0x000000001e8ba800 JavaThread "Daemon Thread 4" [_thread_blocked, id=12492, stack(0x000000002a420000,0x000000002a520000)]
  0x000000001a86f800 JavaThread "Cache worker for file content cache (C:\Users\SW6\.gradle\caches\5.1.1\fileContent)" [_thread_blocked, id=5364, stack(0x0000000027d20000,0x0000000027e20000)]
  0x000000001e8c6800 JavaThread "Memory manager" [_thread_blocked, id=7016, stack(0x0000000024290000,0x0000000024390000)]
  0x000000001a870800 JavaThread "Cache worker for execution history cache (C:\Users\SW6\.gradle\caches\5.1.1\executionHistory)" [_thread_blocked, id=14020, stack(0x0000000020e60000,0x0000000020f60000)]
  0x000000001a873800 JavaThread "Cache worker for journal cache (C:\Users\SW6\.gradle\caches\journal-1)" [_thread_blocked, id=8396, stack(0x000000001bc60000,0x000000001bd60000)]
  0x000000001aa42800 JavaThread "File lock request listener" [_thread_in_native, id=10080, stack(0x000000001bb60000,0x000000001bc60000)]
  0x000000001a806000 JavaThread "Cache worker for file hash cache (C:\Users\SW6\.gradle\caches\5.1.1\fileHashes)" [_thread_blocked, id=7408, stack(0x000000001ba60000,0x000000001bb60000)]
  0x000000001a53a000 JavaThread "Daemon periodic checks" [_thread_blocked, id=8120, stack(0x000000001af60000,0x000000001b060000)]
  0x000000001a525800 JavaThread "Incoming local TCP Connector on port 63746" [_thread_in_native, id=10624, stack(0x000000001ad80000,0x000000001ae80000)]
  0x00000000187dc800 JavaThread "Service Thread" daemon [_thread_blocked, id=2908, stack(0x00000000191b0000,0x00000000192b0000)]
  0x00000000167ee000 JavaThread "C1 CompilerThread3" daemon [_thread_in_native, id=9552, stack(0x00000000190b0000,0x00000000191b0000)]
  0x0000000018748000 JavaThread "C2 CompilerThread2" daemon [_thread_in_native, id=7412, stack(0x0000000018fb0000,0x00000000190b0000)]
  0x0000000018745800 JavaThread "C2 CompilerThread1" daemon [_thread_in_native, id=5888, stack(0x0000000018eb0000,0x0000000018fb0000)]
=>0x0000000018742800 JavaThread "C2 CompilerThread0" daemon [_thread_in_native, id=11948, stack(0x0000000018db0000,0x0000000018eb0000)]
  0x0000000018741000 JavaThread "Attach Listener" daemon [_thread_blocked, id=10784, stack(0x0000000018cb0000,0x0000000018db0000)]
  0x00000000186ed800 JavaThread "Signal Dispatcher" daemon [_thread_blocked, id=12256, stack(0x0000000018bb0000,0x0000000018cb0000)]
  0x000000000293e000 JavaThread "Finalizer" daemon [_thread_blocked, id=3068, stack(0x0000000018ab0000,0x0000000018bb0000)]
  0x0000000002935000 JavaThread "Reference Handler" daemon [_thread_blocked, id=10788, stack(0x00000000185b0000,0x00000000186b0000)]
  0x0000000002842800 JavaThread "main" [_thread_blocked, id=9264, stack(0x0000000002390000,0x0000000002490000)]

Other Threads:
  0x00000000167d8000 VMThread [stack: 0x00000000184b0000,0x00000000185b0000] [id=10748]
  0x00000000187dd800 WatcherThread [stack: 0x00000000192b0000,0x00000000193b0000] [id=11508]

VM state:at safepoint (normal execution)

VM Mutex/Monitor currently owned by a thread:  ([mutex/lock_event])
[0x0000000002a1db70] Safepoint_lock - owner thread: 0x00000000167d8000
[0x0000000002a1cd70] Threads_lock - owner thread: 0x00000000167d8000

Heap:
 PSYoungGen      total 209920K, used 86581K [0x00000000e0000000, 0x00000000eed80000, 0x0000000100000000)
  eden space 187904K, 35% used [0x00000000e0000000,0x00000000e4094978,0x00000000eb780000)
  from space 22016K, 92% used [0x00000000ed800000,0x00000000eebf8bc0,0x00000000eed80000)
  to   space 27648K, 0% used [0x00000000eb780000,0x00000000eb780000,0x00000000ed280000)
 ParOldGen       total 145408K, used 47920K [0x00000000a0000000, 0x00000000a8e00000, 0x00000000e0000000)
  object space 145408K, 32% used [0x00000000a0000000,0x00000000a2ecc1e8,0x00000000a8e00000)
 Metaspace       used 88526K, capacity 93050K, committed 93208K, reserved 1130496K
  class space    used 11452K, capacity 12249K, committed 12328K, reserved 1048576K

Card table byte_map: [0x0000000011de0000,0x00000000120f0000] byte_map_base: 0x00000000118e0000

Marking Bits: (ParMarkBitMap*) 0x0000000076c75aa0
 Begin Bits: [0x0000000012af0000, 0x00000000142f0000)
 End Bits:   [0x00000000142f0000, 0x0000000015af0000)

Polling page: 0x0000000000620000

CodeCache: size=245760Kb used=42437Kb max_used=42444Kb free=203322Kb
 bounds [0x0000000002a20000, 0x0000000005400000, 0x0000000011a20000]
 total_blobs=13771 nmethods=12865 adapters=816
 compilation: enabled

Compilation events (10 events):
Event: 952.259 Thread 0x00000000167ee000 nmethod 15535 0x000000000520a110 code [0x000000000520a280, 0x000000000520a470]
Event: 952.259 Thread 0x00000000167ee000 15536       3       com.android.tools.r8.ir.regalloc.LiveIntervals::getType (8 bytes)
Event: 952.259 Thread 0x00000000167ee000 nmethod 15536 0x0000000005209c50 code [0x0000000005209dc0, 0x000000000520a028]
Event: 952.259 Thread 0x00000000167ee000 15532       3       com.android.tools.r8.ir.code.Value::outType (8 bytes)
Event: 952.259 Thread 0x00000000167ee000 nmethod 15532 0x00000000052098d0 code [0x0000000005209a40, 0x0000000005209bc8]
Event: 952.259 Thread 0x00000000167ee000 15538       3       com.android.tools.r8.ir.code.ValueType::requiredRegisters (13 bytes)
Event: 952.260 Thread 0x00000000167ee000 nmethod 15538 0x0000000004e00f10 code [0x0000000004e01080, 0x0000000004e013b0]
Event: 952.260 Thread 0x00000000167ee000 15539       3       com.android.tools.r8.ir.regalloc.LiveIntervals::requiredRegisters (8 bytes)
Event: 952.260 Thread 0x0000000018745800 nmethod 15523 0x0000000004e008d0 code [0x0000000004e00a20, 0x0000000004e00d98]
Event: 952.260 Thread 0x0000000018745800 15524       4       java.util.TreeSet::add (22 bytes)

GC Heap History (10 events):
Event: 225.476 GC heap before
{Heap before GC invocations=15 (full 3):
 PSYoungGen      total 206848K, used 203003K [0x00000000e0000000, 0x00000000efe00000, 0x0000000100000000)
  eden space 187904K, 100% used [0x00000000e0000000,0x00000000eb780000,0x00000000eb780000)
  from space 18944K, 79% used [0x00000000eb780000,0x00000000ec63ece8,0x00000000eca00000)
  to   space 19968K, 0% used [0x00000000eea80000,0x00000000eea80000,0x00000000efe00000)
 ParOldGen       total 145408K, used 34339K [0x00000000a0000000, 0x00000000a8e00000, 0x00000000e0000000)
  object space 145408K, 23% used [0x00000000a0000000,0x00000000a2188eb0,0x00000000a8e00000)
 Metaspace       used 72407K, capacity 74930K, committed 75160K, reserved 1114112K
  class space    used 9512K, capacity 10085K, committed 10152K, reserved 1048576K
Event: 225.497 GC heap after
Heap after GC invocations=15 (full 3):
 PSYoungGen      total 233984K, used 19938K [0x00000000e0000000, 0x00000000f0000000, 0x0000000100000000)
  eden space 214016K, 0% used [0x00000000e0000000,0x00000000e0000000,0x00000000ed100000)
  from space 19968K, 99% used [0x00000000eea80000,0x00000000efdf8bd8,0x00000000efe00000)
  to   space 24064K, 0% used [0x00000000ed100000,0x00000000ed100000,0x00000000ee880000)
 ParOldGen       total 145408K, used 37562K [0x00000000a0000000, 0x00000000a8e00000, 0x00000000e0000000)
  object space 145408K, 25% used [0x00000000a0000000,0x00000000a24ae870,0x00000000a8e00000)
 Metaspace       used 72407K, capacity 74930K, committed 75160K, reserved 1114112K
  class space    used 9512K, capacity 10085K, committed 10152K, reserved 1048576K
}
Event: 711.219 GC heap before
{Heap before GC invocations=16 (full 3):
 PSYoungGen      total 233984K, used 233954K [0x00000000e0000000, 0x00000000f0000000, 0x0000000100000000)
  eden space 214016K, 100% used [0x00000000e0000000,0x00000000ed100000,0x00000000ed100000)
  from space 19968K, 99% used [0x00000000eea80000,0x00000000efdf8bd8,0x00000000efe00000)
  to   space 24064K, 0% used [0x00000000ed100000,0x00000000ed100000,0x00000000ee880000)
 ParOldGen       total 145408K, used 37562K [0x00000000a0000000, 0x00000000a8e00000, 0x00000000e0000000)
  object space 145408K, 25% used [0x00000000a0000000,0x00000000a24ae870,0x00000000a8e00000)
 Metaspace       used 74127K, capacity 76996K, committed 77208K, reserved 1116160K
  class space    used 9706K, capacity 10310K, committed 10408K, reserved 1048576K
Event: 711.330 GC heap after
Heap after GC invocations=16 (full 3):
 PSYoungGen      total 222720K, used 15425K [0x00000000e0000000, 0x00000000ef900000, 0x0000000100000000)
  eden space 206848K, 0% used [0x00000000e0000000,0x00000000e0000000,0x00000000eca00000)
  from space 15872K, 97% used [0x00000000ed100000,0x00000000ee010600,0x00000000ee080000)
  to   space 24064K, 0% used [0x00000000ee180000,0x00000000ee180000,0x00000000ef900000)
 ParOldGen       total 145408K, used 47832K [0x00000000a0000000, 0x00000000a8e00000, 0x00000000e0000000)
  object space 145408K, 32% used [0x00000000a0000000,0x00000000a2eb62b0,0x00000000a8e00000)
 Metaspace       used 74127K, capacity 76996K, committed 77208K, reserved 1116160K
  class space    used 9706K, capacity 10310K, committed 10408K, reserved 1048576K
}
Event: 938.337 GC heap before
{Heap before GC invocations=17 (full 3):
 PSYoungGen      total 222720K, used 222273K [0x00000000e0000000, 0x00000000ef900000, 0x0000000100000000)
  eden space 206848K, 100% used [0x00000000e0000000,0x00000000eca00000,0x00000000eca00000)
  from space 15872K, 97% used [0x00000000ed100000,0x00000000ee010600,0x00000000ee080000)
  to   space 24064K, 0% used [0x00000000ee180000,0x00000000ee180000,0x00000000ef900000)
 ParOldGen       total 145408K, used 47832K [0x00000000a0000000, 0x00000000a8e00000, 0x00000000e0000000)
  object space 145408K, 32% used [0x00000000a0000000,0x00000000a2eb62b0,0x00000000a8e00000)
 Metaspace       used 77765K, capacity 81028K, committed 81176K, reserved 1120256K
  class space    used 10029K, capacity 10686K, committed 10792K, reserved 1048576K
Event: 938.363 GC heap after
Heap after GC invocations=17 (full 3):
 PSYoungGen      total 217600K, used 15827K [0x00000000e0000000, 0x00000000ef280000, 0x0000000100000000)
  eden space 200192K, 0% used [0x00000000e0000000,0x00000000e0000000,0x00000000ec380000)
  from space 17408K, 90% used [0x00000000ee180000,0x00000000ef0f4e98,0x00000000ef280000)
  to   space 24064K, 0% used [0x00000000ec380000,0x00000000ec380000,0x00000000edb00000)
 ParOldGen       total 145408K, used 47840K [0x00000000a0000000, 0x00000000a8e00000, 0x00000000e0000000)
  object space 145408K, 32% used [0x00000000a0000000,0x00000000a2eb82b0,0x00000000a8e00000)
 Metaspace       used 77765K, capacity 81028K, committed 81176K, reserved 1120256K
  class space    used 10029K, capacity 10686K, committed 10792K, reserved 1048576K
}
Event: 945.960 GC heap before
{Heap before GC invocations=18 (full 3):
 PSYoungGen      total 217600K, used 216019K [0x00000000e0000000, 0x00000000ef280000, 0x0000000100000000)
  eden space 200192K, 100% used [0x00000000e0000000,0x00000000ec380000,0x00000000ec380000)
  from space 17408K, 90% used [0x00000000ee180000,0x00000000ef0f4e98,0x00000000ef280000)
  to   space 24064K, 0% used [0x00000000ec380000,0x00000000ec380000,0x00000000edb00000)
 ParOldGen       total 145408K, used 47840K [0x00000000a0000000, 0x00000000a8e00000, 0x00000000e0000000)
  object space 145408K, 32% used [0x00000000a0000000,0x00000000a2eb82b0,0x00000000a8e00000)
 Metaspace       used 78929K, capacity 82438K, committed 82584K, reserved 1120256K
  class space    used 10142K, capacity 10805K, committed 10920K, reserved 1048576K
Event: 945.994 GC heap after
Heap after GC invocations=18 (full 3):
 PSYoungGen      total 215040K, used 20764K [0x00000000e0000000, 0x00000000ef080000, 0x0000000100000000)
  eden space 194048K, 0% used [0x00000000e0000000,0x00000000e0000000,0x00000000ebd80000)
  from space 20992K, 98% used [0x00000000ec380000,0x00000000ed7c7188,0x00000000ed800000)
  to   space 25088K, 0% used [0x00000000ed800000,0x00000000ed800000,0x00000000ef080000)
 ParOldGen       total 145408K, used 47848K [0x00000000a0000000, 0x00000000a8e00000, 0x00000000e0000000)
  object space 145408K, 32% used [0x00000000a0000000,0x00000000a2eba2b0,0x00000000a8e00000)
 Metaspace       used 78929K, capacity 82438K, committed 82584K, reserved 1120256K
  class space    used 10142K, capacity 10805K, committed 10920K, reserved 1048576K
}
Event: 951.705 GC heap before
{Heap before GC invocations=19 (full 3):
 PSYoungGen      total 215040K, used 214812K [0x00000000e0000000, 0x00000000ef080000, 0x0000000100000000)
  eden space 194048K, 100% used [0x00000000e0000000,0x00000000ebd80000,0x00000000ebd80000)
  from space 20992K, 98% used [0x00000000ec380000,0x00000000ed7c7188,0x00000000ed800000)
  to   space 25088K, 0% used [0x00000000ed800000,0x00000000ed800000,0x00000000ef080000)
 ParOldGen       total 145408K, used 47912K [0x00000000a0000000, 0x00000000a8e00000, 0x00000000e0000000)
  object space 145408K, 32% used [0x00000000a0000000,0x00000000a2eca1e8,0x00000000a8e00000)
 Metaspace       used 81977K, capacity 85762K, committed 86040K, reserved 1124352K
  class space    used 10544K, capacity 11229K, committed 11304K, reserved 1048576K
Event: 951.725 GC heap after
Heap after GC invocations=19 (full 3):
 PSYoungGen      total 209920K, used 20450K [0x00000000e0000000, 0x00000000eed80000, 0x0000000100000000)
  eden space 187904K, 0% used [0x00000000e0000000,0x00000000e0000000,0x00000000eb780000)
  from space 22016K, 92% used [0x00000000ed800000,0x00000000eebf8bc0,0x00000000eed80000)
  to   space 27648K, 0% used [0x00000000eb780000,0x00000000eb780000,0x00000000ed280000)
 ParOldGen       total 145408K, used 47920K [0x00000000a0000000, 0x00000000a8e00000, 0x00000000e0000000)
  object space 145408K, 32% used [0x00000000a0000000,0x00000000a2ecc1e8,0x00000000a8e00000)
 Metaspace       used 81977K, capacity 85762K, committed 86040K, reserved 1124352K
  class space    used 10544K, capacity 11229K, committed 11304K, reserved 1048576K
}

Deoptimization events (10 events):
Event: 952.148 Thread 0x000000001c2b4000 Uncommon trap: reason=bimorphic action=maybe_recompile pc=0x0000000004edba3c method=java.util.stream.AbstractPipeline.copyIntoWithCancel(Ljava/util/stream/Sink;Ljava/util/Spliterator;)V @ 19
Event: 952.148 Thread 0x000000001a931800 Uncommon trap: reason=bimorphic action=maybe_recompile pc=0x0000000004edba3c method=java.util.stream.AbstractPipeline.copyIntoWithCancel(Ljava/util/stream/Sink;Ljava/util/Spliterator;)V @ 19
Event: 952.148 Thread 0x000000001c2b2800 Uncommon trap: reason=bimorphic action=maybe_recompile pc=0x0000000004edba3c method=java.util.stream.AbstractPipeline.copyIntoWithCancel(Ljava/util/stream/Sink;Ljava/util/Spliterator;)V @ 19
Event: 952.167 Thread 0x000000001c2b4000 Uncommon trap: reason=class_check action=maybe_recompile pc=0x0000000004d3658c method=java.util.stream.StreamOpFlag.fromCharacteristics(Ljava/util/Spliterator;)I @ 14
Event: 952.203 Thread 0x000000001a874000 Uncommon trap: reason=predicate action=maybe_recompile pc=0x0000000004a8c2c4 method=java.util.Iterator.forEachRemaining(Ljava/util/function/Consumer;)V @ 14
Event: 952.203 Thread 0x000000001c2b5000 Uncommon trap: reason=predicate action=maybe_recompile pc=0x0000000004a8c2c4 method=java.util.Iterator.forEachRemaining(Ljava/util/function/Consumer;)V @ 14
Event: 952.204 Thread 0x000000001a874000 Uncommon trap: reason=unstable_if action=reinterpret pc=0x0000000002f3cfac method=java.util.WeakHashMap.remove(Ljava/lang/Object;)Ljava/lang/Object; @ 94
Event: 952.205 Thread 0x000000001a931800 Uncommon trap: reason=class_check action=maybe_recompile pc=0x0000000004d3658c method=java.util.stream.StreamOpFlag.fromCharacteristics(Ljava/util/Spliterator;)I @ 14
Event: 952.207 Thread 0x000000001c2b2800 Uncommon trap: reason=predicate action=maybe_recompile pc=0x0000000002e908a8 method=java.util.LinkedList.remove(Ljava/lang/Object;)Z @ 48
Event: 952.212 Thread 0x000000001a874000 Uncommon trap: reason=class_check action=maybe_recompile pc=0x0000000004d3658c method=java.util.stream.StreamOpFlag.fromCharacteristics(Ljava/util/Spliterator;)I @ 14

Classes redefined (0 events):
No events

Internal exceptions (10 events):
Event: 952.049 Thread 0x000000001e8bb800 Exception <a 'sun/nio/fs/WindowsException'> (0x00000000e2831078) thrown at [D:\src\AOSP-openjdk-cygwin\jdk8u\hotspot\src\share\vm\prims\jni.cpp, line 709]
Event: 952.067 Thread 0x000000001e8bb800 Exception <a 'sun/nio/fs/WindowsException'> (0x00000000e2979188) thrown at [D:\src\AOSP-openjdk-cygwin\jdk8u\hotspot\src\share\vm\prims\jni.cpp, line 709]
Event: 952.067 Thread 0x000000001e8bb800 Exception <a 'sun/nio/fs/WindowsException'> (0x00000000e2979f78) thrown at [D:\src\AOSP-openjdk-cygwin\jdk8u\hotspot\src\share\vm\prims\jni.cpp, line 709]
Event: 952.068 Thread 0x000000001e8bb800 Exception <a 'sun/nio/fs/WindowsException'> (0x00000000e297c5d8) thrown at [D:\src\AOSP-openjdk-cygwin\jdk8u\hotspot\src\share\vm\prims\jni.cpp, line 709]
Event: 952.078 Thread 0x000000001e8bb800 Exception <a 'sun/nio/fs/WindowsException'> (0x00000000e29aece0) thrown at [D:\src\AOSP-openjdk-cygwin\jdk8u\hotspot\src\share\vm\prims\jni.cpp, line 709]
Event: 952.079 Thread 0x000000001e8bb800 Exception <a 'sun/nio/fs/WindowsException'> (0x00000000e29afad0) thrown at [D:\src\AOSP-openjdk-cygwin\jdk8u\hotspot\src\share\vm\prims\jni.cpp, line 709]
Event: 952.079 Thread 0x000000001e8bb800 Exception <a 'sun/nio/fs/WindowsException'> (0x00000000e29b2130) thrown at [D:\src\AOSP-openjdk-cygwin\jdk8u\hotspot\src\share\vm\prims\jni.cpp, line 709]
Event: 952.089 Thread 0x000000001e8bb800 Exception <a 'sun/nio/fs/WindowsException'> (0x00000000e2cab320) thrown at [D:\src\AOSP-openjdk-cygwin\jdk8u\hotspot\src\share\vm\prims\jni.cpp, line 709]
Event: 952.089 Thread 0x000000001e8bb800 Exception <a 'sun/nio/fs/WindowsException'> (0x00000000e2cac110) thrown at [D:\src\AOSP-openjdk-cygwin\jdk8u\hotspot\src\share\vm\prims\jni.cpp, line 709]
Event: 952.090 Thread 0x000000001e8bb800 Exception <a 'sun/nio/fs/WindowsException'> (0x00000000e2cae770) thrown at [D:\src\AOSP-openjdk-cygwin\jdk8u\hotspot\src\share\vm\prims\jni.cpp, line 709]

Events (10 events):
Event: 952.252 loading class com/android/tools/r8/code/MoveObject
Event: 952.252 loading class com/android/tools/r8/code/MoveObject done
Event: 952.253 Executing VM operation: BulkRevokeBias
Event: 952.254 Executing VM operation: BulkRevokeBias done
Event: 952.254 loading class com/android/tools/r8/utils/InternalOutputMode
Event: 952.254 loading class com/android/tools/r8/utils/InternalOutputMode done
Event: 952.257 loading class com/android/tools/r8/ir/code/Cmp$Bias
Event: 952.257 loading class com/android/tools/r8/ir/code/Cmp$Bias done
Event: 952.257 loading class com/android/tools/r8/com/google/common/collect/AbstractMultiset
Event: 952.257 loading class com/android/tools/r8/com/google/common/collect/AbstractMultiset done


Dynamic libraries:
0x00007ff7cee00000 - 0x00007ff7cee31000 	C:\Program Files\Android\Android Studio\jre\bin\java.exe
0x00007ffad2000000 - 0x00007ffad21e1000 	C:\WINDOWS\SYSTEM32\ntdll.dll
0x00007ffacf980000 - 0x00007ffacfa31000 	C:\WINDOWS\System32\KERNEL32.DLL
0x00007ffacefc0000 - 0x00007ffacf233000 	C:\WINDOWS\System32\KERNELBASE.dll
0x00007ffacf490000 - 0x00007ffacf531000 	C:\WINDOWS\System32\ADVAPI32.dll
0x00007ffad16b0000 - 0x00007ffad174e000 	C:\WINDOWS\System32\msvcrt.dll
0x00007ffad1cf0000 - 0x00007ffad1d4b000 	C:\WINDOWS\System32\sechost.dll
0x00007ffad1dd0000 - 0x00007ffad1ef4000 	C:\WINDOWS\System32\RPCRT4.dll
0x00007ffad19a0000 - 0x00007ffad1b30000 	C:\WINDOWS\System32\USER32.dll
0x00007ffacefa0000 - 0x00007ffacefc0000 	C:\WINDOWS\System32\win32u.dll
0x00007ffacf6a0000 - 0x00007ffacf6c8000 	C:\WINDOWS\System32\GDI32.dll
0x00007ffacf240000 - 0x00007ffacf3d2000 	C:\WINDOWS\System32\gdi32full.dll
0x00007fface5a0000 - 0x00007fface63f000 	C:\WINDOWS\System32\msvcp_win.dll
0x00007fface3d0000 - 0x00007fface4c8000 	C:\WINDOWS\System32\ucrtbase.dll
0x00007ffabb940000 - 0x00007ffabbba9000 	C:\WINDOWS\WinSxS\amd64_microsoft.windows.common-controls_6595b64144ccf1df_6.0.17134.706_none_fb43a2cb30647007\COMCTL32.dll
0x00007ffad1380000 - 0x00007ffad16a2000 	C:\WINDOWS\System32\combase.dll
0x00007fface520000 - 0x00007fface59a000 	C:\WINDOWS\System32\bcryptPrimitives.dll
0x00007ffad0e80000 - 0x00007ffad0ead000 	C:\WINDOWS\System32\IMM32.DLL
0x0000000077760000 - 0x0000000077832000 	C:\Program Files\Android\Android Studio\jre\jre\bin\msvcr100.dll
0x00000000764b0000 - 0x0000000076cf1000 	C:\Program Files\Android\Android Studio\jre\jre\bin\server\jvm.dll
0x00007ffacf730000 - 0x00007ffacf738000 	C:\WINDOWS\System32\PSAPI.DLL
0x00007ffac9fd0000 - 0x00007ffac9fda000 	C:\WINDOWS\SYSTEM32\VERSION.dll
0x00007ffabddf0000 - 0x00007ffabddf9000 	C:\WINDOWS\SYSTEM32\WSOCK32.dll
0x00007ffacc1b0000 - 0x00007ffacc1d3000 	C:\WINDOWS\SYSTEM32\WINMM.dll
0x00007ffad1b90000 - 0x00007ffad1bfc000 	C:\WINDOWS\System32\WS2_32.dll
0x00007ffacc180000 - 0x00007ffacc1aa000 	C:\WINDOWS\SYSTEM32\winmmbase.dll
0x00007fface4d0000 - 0x00007fface519000 	C:\WINDOWS\System32\cfgmgr32.dll
0x00007ffac2cf0000 - 0x00007ffac2cff000 	C:\Program Files\Android\Android Studio\jre\jre\bin\verify.dll
0x00007ffac20e0000 - 0x00007ffac2109000 	C:\Program Files\Android\Android Studio\jre\jre\bin\java.dll
0x00007ffac20c0000 - 0x00007ffac20d6000 	C:\Program Files\Android\Android Studio\jre\jre\bin\zip.dll
0x00007ffacfa40000 - 0x00007ffad0e80000 	C:\WINDOWS\System32\SHELL32.dll
0x00007ffad1760000 - 0x00007ffad1809000 	C:\WINDOWS\System32\shcore.dll
0x00007fface890000 - 0x00007ffacef9d000 	C:\WINDOWS\System32\windows.storage.dll
0x00007ffacf6d0000 - 0x00007ffacf721000 	C:\WINDOWS\System32\shlwapi.dll
0x00007fface350000 - 0x00007fface361000 	C:\WINDOWS\System32\kernel.appcore.dll
0x00007fface330000 - 0x00007fface34f000 	C:\WINDOWS\System32\profapi.dll
0x00007fface370000 - 0x00007fface3bc000 	C:\WINDOWS\System32\powrprof.dll
0x00007fface3c0000 - 0x00007fface3ca000 	C:\WINDOWS\System32\FLTLIB.DLL
0x00007ffac1b40000 - 0x00007ffac1b5a000 	C:\Program Files\Android\Android Studio\jre\jre\bin\net.dll
0x00007ffacdb30000 - 0x00007ffacdb96000 	C:\WINDOWS\system32\mswsock.dll
0x00007ffac1b20000 - 0x00007ffac1b31000 	C:\Program Files\Android\Android Studio\jre\jre\bin\nio.dll
0x00007ffabf850000 - 0x00007ffabf86e000 	C:\Users\SW6\.gradle\native\25\windows-amd64\native-platform.dll
0x00007ffac22d0000 - 0x00007ffac22dd000 	C:\Program Files\Android\Android Studio\jre\jre\bin\management.dll
0x00007ffacdcf0000 - 0x00007ffacdd07000 	C:\WINDOWS\SYSTEM32\CRYPTSP.dll
0x00007ffacd710000 - 0x00007ffacd743000 	C:\WINDOWS\system32\rsaenh.dll
0x00007ffacde70000 - 0x00007ffacde95000 	C:\WINDOWS\SYSTEM32\bcrypt.dll
0x00007fface210000 - 0x00007fface238000 	C:\WINDOWS\SYSTEM32\USERENV.dll
0x00007ffacdce0000 - 0x00007ffacdceb000 	C:\WINDOWS\SYSTEM32\CRYPTBASE.dll
0x00007ffacd8b0000 - 0x00007ffacd8e8000 	C:\WINDOWS\SYSTEM32\IPHLPAPI.DLL
0x00007ffad1810000 - 0x00007ffad1818000 	C:\WINDOWS\System32\NSI.dll
0x00007ffac49c0000 - 0x00007ffac49d6000 	C:\WINDOWS\SYSTEM32\dhcpcsvc6.DLL
0x00007ffac49a0000 - 0x00007ffac49ba000 	C:\WINDOWS\SYSTEM32\dhcpcsvc.DLL
0x00007ffabd970000 - 0x00007ffabd994000 	C:\Program Files\Android\Android Studio\jre\jre\bin\sunec.dll
0x00007ffacd8f0000 - 0x00007ffacd9ae000 	C:\WINDOWS\SYSTEM32\DNSAPI.dll
0x00007ffac43c0000 - 0x00007ffac43ca000 	C:\Windows\System32\rasadhlp.dll
0x00007ffac4a30000 - 0x00007ffac4aa2000 	C:\WINDOWS\System32\fwpuclnt.dll
0x00007ffacc3b0000 - 0x00007ffacc3bb000 	C:\Program Files\Android\Android Studio\jre\jre\bin\sunmscapi.dll
0x00007fface6a0000 - 0x00007fface882000 	C:\WINDOWS\System32\CRYPT32.dll
0x00007fface310000 - 0x00007fface322000 	C:\WINDOWS\System32\MSASN1.dll

VM Arguments:
jvm_args: -Xmx1536m -Dfile.encoding=x-windows-949 -Duser.country=KR -Duser.language=ko -Duser.variant 
java_command: org.gradle.launcher.daemon.bootstrap.GradleDaemon 5.1.1
java_class_path (initial): C:\Users\SW6\.gradle\wrapper\dists\gradle-5.1.1-all\97z1ksx6lirer3kbvdnh7jtjg\gradle-5.1.1\lib\gradle-launcher-5.1.1.jar
Launcher Type: SUN_STANDARD

Environment Variables:
JAVA_HOME=C:\Program Files\Java\jdk1.8.0_201
CLASSPATH=C:\Jsp\Tomcat 9.0\lib\jsp-api.jar;C:\Jsp\Tomcat 9.0\lib\servlet-api.jar;
PATH=C:\Oracle\product\11.2.0\dbhome_1\bin;C:\Anaconda3;C:\Anaconda3\Library\mingw-w64\bin;C:\Anaconda3\Library\usr\bin;C:\Anaconda3\Library\bin;C:\Anaconda3\Scripts;C:\Program Files (x86)\Intel\iCLS Client\;C:\Program Files\Intel\iCLS Client\;C:\WINDOWS\system32;C:\WINDOWS;C:\WINDOWS\System32\Wbem;C:\WINDOWS\System32\WindowsPowerShell\v1.0\;C:\Program Files (x86)\Intel\Intel(R) Management Engine Components\DAL;C:\Program Files\Intel\Intel(R) Management Engine Components\DAL;C:\Program Files (x86)\Intel\Intel(R) Management Engine Components\IPT;C:\Program Files\Intel\Intel(R) Management Engine Components\IPT;C:\Program Files (x86)\Microsoft SQL Server\100\Tools\Binn\;C:\Program Files\Microsoft SQL Server\100\Tools\Binn\;C:\Program Files\Microsoft SQL Server\100\DTS\Binn\;C:\opencv\build\x64\vc12\bin\;C:\opencv\build\x64\vc12\bin\;C:\Program Files\Microsoft SQL Server\130\Tools\Binn\;C:\WINDOWS\system32\config\systemprofile\.dnx\bin;C:\Program Files\Microsoft DNX\Dnvm\;C:\Program Files (x86)\Windows Kits\8.1\Windows Performance Toolkit\;C:\WINDOWS\System32\OpenSSH\;C:\Program Files\PuTTY\;%JAVA_HOME%\bin;C:\Program Files\Git\cmd;C:\Users\SW6\AppData\Local\Microsoft\WindowsApps;C:\Users\SW6\Anaconda2\Scripts;C:\Program Files\Bandizip\;C:\Users\SW6\AppData\Local\Programs\Python\Python36-32;C:\Program Files\Java\jdk1.8.0_201\bin;
USERNAME=SW6
OS=Windows_NT
PROCESSOR_IDENTIFIER=Intel64 Family 6 Model 94 Stepping 3, GenuineIntel



---------------  S Y S T E M  ---------------

OS: Windows 10.0 , 64 bit Build 17134 (10.0.17134.706)

CPU:total 8 (initial active 8) (4 cores per cpu, 2 threads per core) family 6 model 94 stepping 3, cmov, cx8, fxsr, mmx, sse, sse2, sse3, ssse3, sse4.1, sse4.2, popcnt, avx, avx2, aes, clmul, erms, rtm, 3dnowpref, lzcnt, ht, tsc, tscinvbit, bmi1, bmi2, adx

Memory: 4k page, physical 8302148k(417020k free), swap 33467972k(4944k free)

vm_info: OpenJDK 64-Bit Server VM (25.152-b01) for windows-amd64 JRE (1.8.0_152-release-1343-b01), built by "builder" with MS VC++ 10.0 (VS2010)

time: Thu May 09 16:41:52 2019
elapsed time: 952 seconds (0d 0h 15m 52s)

